FA:8F:CA:7C:AC:B5  -43      661        0    0   6  54e. OPN              <length:  0>                                              
 B8:A1:75:63:B1:D5  -56      129        0    0   6  54e  WPA2 CCMP   PSK  <length: 22>                                              
 E0:69:95:49:3C:E2  -62      481        5    0   6  54e  WPA  TKIP   PSK  Telecentro-F                                              
 A0:E4:CB:52:D4:64  -62      357        1    0   9  54e. WPA2 CCMP   PSK  WiFi-Arnet-h1fd                                           
 30:B5:C2:A7:AA:C6  -69      230        0    0  11  54e. WPA2 CCMP   PSK  Pino                                                      
 F8:35:DD:61:9A:0E  -69      309        9    0   1  54e  WPA2 CCMP   PSK  Fibertel WiFi614                                          
 70:71:BC:05:16:DA  -58      517      343    0   6  54 . WPA  TKIP   PSK  Fibertel WiFi904                                          
 A2:F3:C1:F8:77:63  -70      368        0    0   4  54e  WPA2 CCMP   PSK  Kobol                                                     
 00:25:F2:90:6B:A0  -78      426       22    0  11  54e  WEP  WEP         NOELIA                                                    
 A0:F3:C1:F8:77:63  -70      318       57    0   4  54e  WPA2 CCMP   PSK  Omicron                                                   
 70:7E:43:01:0E:E1  -73      274        1    0   1  54e  WPA  CCMP   PSK  Fibertel WiFi633                                          
 78:45:61:D8:C3:D0  -71      176        3    0   1  54e. WPA2 CCMP   PSK  Fibertel WiFi008 2.4GHz                                   
 38:4B:50:39:14:30  -74      293        0    0   4  54e  WPA  CCMP   PSK  carlos0632                                                
 70:54:D2:E7:A7:92  -75      281        4    0   1  54e  WPA2 CCMP   PSK  ANDREA                                                    
 1C:49:7B:2C:A9:C2  -78        8       13    0  11  54e  WPA2 CCMP   PSK  Fibertel WiFi617 2.4GHz                                   
 C8:3D:D4:B5:3B:30  -76      188        2    0  11  54e. WPA2 CCMP   PSK  Fibertel WiFi397                                          
 30:B5:C2:A7:EA:98  -77      382        3    0   6  54e. WPA2 CCMP   PSK  TP-LINK_A7EA98                                            
 E0:69:95:97:02:9A  -77       83        3    0  11  54e  WPA  TKIP   PSK  Telecentro-a98e                                           
 CC:7D:37:EC:F7:DB  -77      361       15    0   9  54e  WPA  TKIP   PSK  Natus Red                                                 
 90:F6:52:7A:85:1C  -78      160        5    0   9  54e. WPA2 CCMP   PSK  RAMA-PC_Network                                           
 1C:49:7B:28:19:1A  -79       73       13    0   1  54e  WPA  CCMP   PSK  Fibertel WiFi371 2.4GHz                                   
 C0:7C:D1:F0:9B:14  -77      104        9    0   1  54e  WPA2 CCMP   PSK  CasaJado                                                  
 84:00:2D:32:B2:D5  -79      165        9    0   1  54e  WPA2 CCMP   PSK  Fibertel WiFi363 2.4GHz                                   
 60:02:92:6B:49:C2  -80       25      126    0  11  54e  WPA2 CCMP   PSK  c56e0c                                                    
 A0:1B:29:E8:DE:EB  -80      162        0    0   1  54e  WPA2 CCMP   PSK  Marluc                                                    
 38:46:08:B1:EB:58  -81      390        4    0   8  54e  WPA  CCMP   PSK  chland                                                    
 9C:D2:4B:79:CB:A0  -78      355       43    0   4  54e  WPA2 CCMP   PSK  LUJAN                                                     
 F8:35:DD:62:BF:C3  -81      108        2    0   1  54e  WPA2 CCMP   PSK  STANCANELLI Wifi                                          


